Sat Nov  8 22:14:41 2025 INFO: Server started on port 8888
Sat Nov  8 22:15:33 2025 INFO: Server started on port 3333
Sat Nov  8 22:16:15 2025 INFO: Server started on port 33333
Sat Nov  8 22:16:17 2025 INFO: New client connected
Sat Nov  8 22:16:17 2025 INFO: Authentication successful for user: user
Sat Nov  8 22:16:17 2025 INFO: Connection closed for user: user
Mon Dec  8 17:35:47 2025 INFO: Server started on port 33333
Mon Dec  8 17:36:24 2025 INFO: New client connected
Mon Dec  8 17:36:33 2025 INFO: Hash mismatch for user: alice
Mon Dec  8 17:36:33 2025 ERROR: Authentication failed for client
Mon Dec  8 17:36:41 2025 INFO: New client connected
Mon Dec  8 17:36:50 2025 INFO: Hash mismatch for user: user
Mon Dec  8 17:36:50 2025 ERROR: Authentication failed for client
Mon Dec  8 17:37:07 2025 INFO: New client connected
Mon Dec  8 17:37:08 2025 INFO: User not found: ali
Mon Dec  8 17:37:08 2025 ERROR: Authentication failed for client
Mon Dec  8 17:37:10 2025 INFO: New client connected
Mon Dec  8 17:37:16 2025 INFO: Hash mismatch for user: alice
Mon Dec  8 17:37:16 2025 ERROR: Authentication failed for client
Mon Dec  8 17:38:15 2025 INFO: New client connected
Mon Dec  8 17:38:15 2025 INFO: Authentication successful for user: user
Mon Dec  8 17:38:15 2025 INFO: Connection closed for user: user
Mon Dec  8 17:43:00 2025 INFO: Server started on port 33333
Mon Dec  8 17:43:04 2025 INFO: New client connected
Mon Dec  8 17:43:04 2025 INFO: Hash mismatch for user: user
Mon Dec  8 17:43:04 2025 ERROR: Authentication failed for client
Mon Dec  8 17:44:10 2025 INFO: Server started on port 33333
Mon Dec  8 17:44:13 2025 INFO: New client connected
Mon Dec  8 17:44:13 2025 INFO: Authentication successful for user: user
Mon Dec  8 17:44:13 2025 INFO: Connection closed for user: user
Mon Dec  8 17:44:34 2025 INFO: New client connected
Mon Dec  8 17:44:54 2025 INFO: Hash mismatch for user: alice
Mon Dec  8 17:44:54 2025 ERROR: Authentication failed for client
Mon Dec  8 17:45:12 2025 INFO: New client connected
Mon Dec  8 17:45:53 2025 INFO: Hash mismatch for user: alice
Mon Dec  8 17:45:53 2025 ERROR: Authentication failed for client
Mon Dec  8 17:45:53 2025 INFO: New client connected
Mon Dec  8 17:45:53 2025 ERROR: Failed to receive hash
Mon Dec  8 17:45:53 2025 ERROR: Authentication failed for client
Mon Dec  8 17:45:53 2025 INFO: New client connected
Mon Dec  8 17:45:53 2025 INFO: Authentication successful for user: user
Mon Dec  8 17:45:54 2025 INFO: Connection closed for user: user
Mon Dec  8 17:46:16 2025 INFO: New client connected
Mon Dec  8 17:46:18 2025 INFO: User not found: l
Mon Dec  8 17:46:18 2025 ERROR: Authentication failed for client
Mon Dec  8 17:46:19 2025 INFO: New client connected
Mon Dec  8 17:54:08 2025 ERROR: Failed to receive hash
Mon Dec  8 17:54:08 2025 ERROR: Authentication failed for client
Mon Dec  8 17:54:08 2025 INFO: New client connected
Mon Dec  8 17:54:08 2025 ERROR: Failed to receive hash
Mon Dec  8 17:54:08 2025 ERROR: Authentication failed for client
Mon Dec  8 17:54:08 2025 INFO: New client connected
Mon Dec  8 17:54:08 2025 ERROR: Failed to receive hash
Mon Dec  8 17:54:08 2025 ERROR: Authentication failed for client
Mon Dec  8 17:54:08 2025 INFO: New client connected
Mon Dec  8 17:54:08 2025 ERROR: Failed to receive hash
Mon Dec  8 17:54:08 2025 ERROR: Authentication failed for client
Mon Dec  8 17:54:08 2025 INFO: New client connected
Mon Dec  8 17:54:08 2025 ERROR: Failed to receive hash
Mon Dec  8 17:54:08 2025 ERROR: Authentication failed for client
Mon Dec  8 17:54:08 2025 INFO: New client connected
Mon Dec  8 17:54:08 2025 ERROR: Failed to receive hash
Mon Dec  8 17:54:08 2025 ERROR: Authentication failed for client
Mon Dec  8 17:54:08 2025 INFO: New client connected
Mon Dec  8 17:54:08 2025 ERROR: Failed to receive hash
Mon Dec  8 17:54:08 2025 ERROR: Authentication failed for client
Mon Dec  8 17:57:37 2025 INFO: New client connected
Mon Dec  8 17:57:37 2025 INFO: Authentication successful for user: user
Mon Dec  8 17:57:37 2025 INFO: Connection closed for user: user
Mon Dec  8 17:57:38 2025 INFO: New client connected
Mon Dec  8 17:57:38 2025 INFO: Authentication successful for user: user
Mon Dec  8 17:57:38 2025 INFO: Connection closed for user: user
Mon Dec  8 17:57:39 2025 INFO: New client connected
Mon Dec  8 17:57:39 2025 INFO: Authentication successful for user: user
Mon Dec  8 17:57:39 2025 INFO: Connection closed for user: user
Mon Dec  8 17:57:40 2025 INFO: New client connected
Mon Dec  8 17:57:40 2025 INFO: Authentication successful for user: user
Mon Dec  8 17:57:40 2025 INFO: Connection closed for user: user
Mon Dec  8 17:57:41 2025 INFO: New client connected
Mon Dec  8 17:57:41 2025 INFO: Authentication successful for user: user
Mon Dec  8 17:57:41 2025 INFO: Connection closed for user: user
Mon Dec  8 17:57:41 2025 INFO: New client connected
Mon Dec  8 17:57:41 2025 INFO: Authentication successful for user: user
Mon Dec  8 17:57:42 2025 INFO: Connection closed for user: user
Mon Dec  8 17:57:42 2025 INFO: New client connected
Mon Dec  8 17:57:42 2025 INFO: Authentication successful for user: user
Mon Dec  8 17:57:42 2025 INFO: Connection closed for user: user
Mon Dec  8 17:57:42 2025 INFO: New client connected
Mon Dec  8 17:57:42 2025 INFO: Authentication successful for user: user
Mon Dec  8 17:57:42 2025 INFO: Connection closed for user: user
Mon Dec  8 17:57:42 2025 INFO: New client connected
Mon Dec  8 17:57:42 2025 INFO: Authentication successful for user: user
Mon Dec  8 17:57:42 2025 INFO: Connection closed for user: user
Mon Dec  8 17:57:42 2025 INFO: New client connected
Mon Dec  8 17:57:42 2025 INFO: Authentication successful for user: user
Mon Dec  8 17:57:43 2025 INFO: Connection closed for user: user
Mon Dec  8 17:57:43 2025 INFO: New client connected
Mon Dec  8 17:57:43 2025 INFO: Authentication successful for user: user
Mon Dec  8 17:57:43 2025 INFO: Connection closed for user: user
Mon Dec  8 17:57:43 2025 INFO: New client connected
Mon Dec  8 17:57:43 2025 INFO: Authentication successful for user: user
Mon Dec  8 17:57:43 2025 INFO: Connection closed for user: user
Mon Dec  8 17:57:43 2025 INFO: New client connected
Mon Dec  8 17:57:43 2025 INFO: Authentication successful for user: user
Mon Dec  8 17:57:43 2025 INFO: Connection closed for user: user
Mon Dec  8 17:57:43 2025 INFO: New client connected
Mon Dec  8 17:57:43 2025 INFO: Authentication successful for user: user
Mon Dec  8 17:57:44 2025 INFO: Connection closed for user: user
Mon Dec  8 17:57:44 2025 INFO: New client connected
Mon Dec  8 17:57:44 2025 INFO: Authentication successful for user: user
Mon Dec  8 17:57:44 2025 INFO: Connection closed for user: user
Mon Dec  8 17:58:07 2025 INFO: Server started on port 33333
Mon Dec  8 17:58:10 2025 INFO: New client connected
Mon Dec  8 17:58:12 2025 ERROR: Failed to receive login
Mon Dec  8 17:58:12 2025 ERROR: Authentication failed for client
Mon Dec  8 17:58:14 2025 INFO: New client connected
Mon Dec  8 17:58:14 2025 INFO: Authentication successful for user: user
Mon Dec  8 17:58:14 2025 INFO: Connection closed for user: user
Mon Dec  8 18:04:28 2025 INFO: New client connected
Mon Dec  8 18:04:28 2025 INFO: Authentication successful for user: user
Mon Dec  8 18:04:45 2025 INFO: Server started on port 33333
Mon Dec  8 18:04:49 2025 INFO: New client connected
Mon Dec  8 18:04:49 2025 INFO: Authentication successful for user: user
Mon Dec  8 18:05:09 2025 ERROR: Failed to receive vector data
Mon Dec  8 18:05:09 2025 ERROR: Data processing failed for client
Mon Dec  8 18:05:10 2025 INFO: New client connected
Mon Dec  8 18:05:10 2025 INFO: Authentication successful for user: user
Mon Dec  8 18:06:31 2025 ERROR: Failed to receive vector data
Mon Dec  8 18:06:31 2025 ERROR: Data processing failed for client
Mon Dec  8 18:09:45 2025 INFO: Server started on port 33333
Mon Dec  8 18:10:03 2025 INFO: New client connected
Mon Dec  8 18:10:03 2025 INFO: Hash mismatch for user: user
Mon Dec  8 18:10:03 2025 ERROR: Authentication failed for client
Mon Dec  8 18:10:16 2025 INFO: New client connected
Mon Dec  8 18:10:16 2025 INFO: User not found: userC339081FCF9FA00530A2CD29B365C59015E66BC914B988E1E75E73E2FE9A419BFED04FED
Mon Dec  8 18:10:16 2025 ERROR: Authentication failed for client
Mon Dec  8 18:12:04 2025 INFO: New client connected
Mon Dec  8 18:12:04 2025 INFO: Authentication successful for user: user
Mon Dec  8 18:12:06 2025 ERROR: Failed to receive vector data
Mon Dec  8 18:12:06 2025 ERROR: Data processing failed for client
Mon Dec  8 18:12:20 2025 INFO: New client connected
Mon Dec  8 18:12:20 2025 INFO: Authentication successful for user: user
Mon Dec  8 18:12:22 2025 ERROR: Failed to receive vector data
Mon Dec  8 18:12:22 2025 ERROR: Data processing failed for client
Mon Dec  8 18:24:31 2025 INFO: Server started on port 33333
Mon Dec  8 18:24:39 2025 INFO: New client connected
Mon Dec  8 18:24:39 2025 INFO: Authentication successful for user: user
Mon Dec  8 18:24:39 2025 INFO: Connection closed for user: user
Mon Dec  8 18:25:01 2025 INFO: New client connected
Mon Dec  8 18:25:01 2025 INFO: Authentication successful for user: user
Mon Dec  8 18:25:06 2025 ERROR: Failed to receive vector data (timeout or invalid data)
Mon Dec  8 18:25:06 2025 ERROR: Data processing failed for client
Mon Dec  8 18:26:33 2025 INFO: New client connected
Mon Dec  8 18:27:40 2025 ERROR: Failed to receive hash
Mon Dec  8 18:27:40 2025 ERROR: Authentication failed for client
Mon Dec  8 18:27:40 2025 INFO: New client connected
Mon Dec  8 18:27:40 2025 ERROR: Failed to receive hash
Mon Dec  8 18:27:40 2025 ERROR: Authentication failed for client
Mon Dec  8 18:27:55 2025 INFO: New client connected
Mon Dec  8 18:27:55 2025 INFO: Authentication successful for user: user
Mon Dec  8 18:28:00 2025 ERROR: Failed to receive vector data (timeout or invalid data)
Mon Dec  8 18:28:00 2025 ERROR: Data processing failed for client
Mon Dec  8 18:43:31 2025 INFO: New client connected
Mon Dec  8 18:43:32 2025 INFO: User not found: 
Mon Dec  8 18:43:32 2025 ERROR: Authentication failed for client
Mon Dec  8 18:49:32 2025 INFO: New client connected
Mon Dec  8 18:49:42 2025 INFO: Hash mismatch for user: alice
Mon Dec  8 18:49:42 2025 ERROR: Authentication failed for client
Mon Dec  8 18:51:30 2025 INFO: New client connected
Mon Dec  8 18:51:39 2025 INFO: Hash mismatch for user: alice
Mon Dec  8 18:51:39 2025 ERROR: Authentication failed for client
Mon Dec  8 18:52:17 2025 INFO: New client connected
Mon Dec  8 18:53:54 2025 INFO: Hash mismatch for user: alice
Mon Dec  8 18:53:54 2025 ERROR: Authentication failed for client
Mon Dec  8 18:54:50 2025 INFO: New client connected
Mon Dec  8 18:55:07 2025 ERROR: Failed to receive login
Mon Dec  8 18:55:07 2025 ERROR: Authentication failed for client
Mon Dec  8 18:55:11 2025 INFO: New client connected
Mon Dec  8 18:57:15 2025 ERROR: Failed to receive hash
Mon Dec  8 18:57:15 2025 ERROR: Authentication failed for client
Mon Dec  8 18:57:17 2025 INFO: New client connected
Mon Dec  8 18:58:00 2025 ERROR: Failed to receive hash
Mon Dec  8 18:58:00 2025 ERROR: Authentication failed for client
Mon Dec  8 18:58:03 2025 INFO: New client connected
Mon Dec  8 18:58:07 2025 INFO: Hash mismatch for user: alice
Mon Dec  8 18:58:07 2025 ERROR: Authentication failed for client
Mon Dec  8 18:58:08 2025 INFO: New client connected
Mon Dec  8 18:58:28 2025 INFO: Hash mismatch for user: alice
Mon Dec  8 18:58:28 2025 ERROR: Authentication failed for client
Mon Dec  8 19:01:14 2025 INFO: New client connected
Mon Dec  8 19:01:42 2025 INFO: Hash mismatch for user: alice
Mon Dec  8 19:01:42 2025 ERROR: Authentication failed for client
Mon Dec  8 19:03:38 2025 INFO: New client connected
Mon Dec  8 19:04:03 2025 INFO: Hash mismatch for user: alice
Mon Dec  8 19:04:03 2025 ERROR: Authentication failed for client
Mon Dec  8 19:06:18 2025 INFO: New client connected
Mon Dec  8 19:06:34 2025 INFO: Hash mismatch for user: alice
Mon Dec  8 19:06:34 2025 ERROR: Authentication failed for client
Mon Dec  8 19:06:47 2025 INFO: New client connected
Mon Dec  8 19:07:24 2025 INFO: Hash mismatch for user: alice
Mon Dec  8 19:07:24 2025 ERROR: Authentication failed for client
Mon Dec  8 19:07:48 2025 INFO: New client connected
Mon Dec  8 19:08:06 2025 INFO: Hash mismatch for user: alice
Mon Dec  8 19:08:06 2025 ERROR: Authentication failed for client
Mon Dec  8 19:09:29 2025 INFO: New client connected
Mon Dec  8 19:10:37 2025 INFO: Hash mismatch for user: alice
Mon Dec  8 19:10:37 2025 ERROR: Authentication failed for client
Mon Dec  8 19:12:10 2025 INFO: New client connected
Mon Dec  8 19:12:13 2025 INFO: Hash mismatch for user: alice
Mon Dec  8 19:12:13 2025 ERROR: Authentication failed for client
Mon Dec  8 19:12:15 2025 INFO: New client connected
Mon Dec  8 19:12:17 2025 INFO: Hash mismatch for user: alice
Mon Dec  8 19:12:17 2025 ERROR: Authentication failed for client
Mon Dec  8 19:18:06 2025 INFO: New client connected
Mon Dec  8 19:18:06 2025 INFO: Hash mismatch for user: alice
Mon Dec  8 19:18:06 2025 ERROR: Authentication failed for client
Mon Dec  8 19:18:22 2025 INFO: Server started on port 33333
Mon Dec  8 19:18:24 2025 INFO: New client connected
Mon Dec  8 19:18:24 2025 INFO: Hash mismatch for user: alice
Mon Dec  8 19:18:24 2025 ERROR: Authentication failed for client
Mon Dec  8 19:19:32 2025 INFO: New client connected
Mon Dec  8 19:20:17 2025 INFO: Hash mismatch for user: alice
Mon Dec  8 19:20:17 2025 ERROR: Authentication failed for client
Mon Dec  8 19:21:32 2025 INFO: New client connected
Mon Dec  8 19:21:56 2025 INFO: Authentication successful for user: alice
Mon Dec  8 19:23:50 2025 ERROR: Too many vectors: 856306442
Mon Dec  8 19:23:50 2025 ERROR: Data processing failed for client
Mon Dec  8 19:36:59 2025 INFO: New client connected
Mon Dec  8 19:37:02 2025 INFO: User not found: 
Mon Dec  8 19:37:02 2025 ERROR: Authentication failed for client
Mon Dec  8 19:37:05 2025 INFO: New client connected
Mon Dec  8 19:40:32 2025 INFO: Hash mismatch for user: alice
Mon Dec  8 19:40:32 2025 ERROR: Authentication failed for client
Mon Dec  8 19:40:32 2025 INFO: New client connected
Mon Dec  8 19:40:32 2025 INFO: Authentication successful for user: user
Mon Dec  8 19:40:32 2025 INFO: Connection closed for user: user
Mon Dec  8 19:41:46 2025 INFO: Server started on port 33333
Mon Dec  8 19:41:49 2025 INFO: New client connected
Mon Dec  8 19:42:01 2025 INFO: Hash mismatch for user: alice
Mon Dec  8 19:42:01 2025 ERROR: Authentication failed for client
Mon Dec  8 19:42:01 2025 INFO: New client connected
Mon Dec  8 19:42:01 2025 INFO: Authentication successful for user: user
Mon Dec  8 19:42:01 2025 INFO: Connection closed for user: user
Mon Dec  8 19:47:35 2025 INFO: New client connected
Mon Dec  8 19:47:36 2025 INFO: Authentication successful for user: alice
Mon Dec  8 19:47:41 2025 ERROR: Failed to receive number of vectors
Mon Dec  8 19:47:41 2025 ERROR: Data processing failed for client
Mon Dec  8 20:01:37 2025 INFO: Server started on port 33333
Mon Dec  8 20:04:01 2025 INFO: New client connected
Mon Dec  8 20:05:16 2025 INFO: Hash mismatch for user: alice
Mon Dec  8 20:05:16 2025 ERROR: Authentication failed for client
Mon Dec  8 20:06:59 2025 INFO: New client connected
Mon Dec  8 20:07:39 2025 INFO: Authentication successful for user: alice
Mon Dec  8 20:07:53 2025 ERROR: Too many vectors: 808520243
Mon Dec  8 20:07:53 2025 ERROR: Data processing failed for client
Mon Dec  8 20:07:56 2025 INFO: New client connected
Mon Dec  8 20:08:34 2025 INFO: Authentication successful for user: alice
Mon Dec  8 20:08:39 2025 ERROR: Too many vectors: 822751281
Mon Dec  8 20:08:39 2025 ERROR: Data processing failed for client
Mon Dec  8 20:10:36 2025 INFO: New client connected
Mon Dec  8 20:11:00 2025 INFO: Authentication successful for user: alice
Mon Dec  8 20:11:03 2025 ERROR: Too many vectors: 825241649
Mon Dec  8 20:11:03 2025 ERROR: Data processing failed for client
Mon Dec  8 20:11:31 2025 INFO: New client connected
Mon Dec  8 20:11:34 2025 INFO: Hash mismatch for user: alice
Mon Dec  8 20:11:34 2025 ERROR: Authentication failed for client
Mon Dec  8 20:12:22 2025 INFO: New client connected
Mon Dec  8 20:13:10 2025 INFO: User not found: alelaleleallealellaelflaskdfkhskjlfghasdjflaksjdfl;kasjdkfjasldjfgjsafjhdasljflasjdkfljai;ozvhliuhcxvkjbaskjdjgfiluyaufdhkjasbdfkhasdkjfhoiwefjkadsbfakjsdlllllllllllllllasdfweqiufdsjakcnbvsgydfuiokldmnbavcsftdyuoqirjfbhasdhfjaskdfhakhlsdgfjhsnxcv zxcbvahs
Mon Dec  8 20:13:10 2025 ERROR: Authentication failed for client
Mon Dec  8 20:13:14 2025 INFO: New client connected
Mon Dec  8 20:13:18 2025 INFO: Hash mismatch for user: alice
Mon Dec  8 20:13:18 2025 ERROR: Authentication failed for client
Mon Dec  8 20:13:20 2025 INFO: New client connected
Mon Dec  8 20:13:25 2025 INFO: User not found: eeeeeeeeeeeeeeeeeeeeeeeeeeeeeeeeeeeeeeeeeeeeeeeeeeeeeeeeeeeeeeeeeeeeeeeeeeeeeeeeeeeeeeeeeeeeeeeeeeeeeeeeeeeeeeeeeeeeeeeeeeeeeeeeeeeeeeeeeeeeeeeeeeeeeeeeeeeeeeeeeeeeeeeeeeeeeeeeeeeeeeeeeeeeeeeeeeeeeeeeeeeeeeeeeeeeeeeeeeeeeeeeeeeeeeeeeeeeeeeeeeeeeeeeeeeeeee
Mon Dec  8 20:13:25 2025 ERROR: Authentication failed for client
Mon Dec  8 20:13:32 2025 INFO: New client connected
Mon Dec  8 20:13:35 2025 INFO: Hash mismatch for user: alice
Mon Dec  8 20:13:35 2025 ERROR: Authentication failed for client
Mon Dec  8 20:21:20 2025 INFO: New client connected
Mon Dec  8 20:21:23 2025 INFO: User not found: unknown
Mon Dec  8 20:21:23 2025 ERROR: Authentication failed for client
Mon Dec  8 20:21:27 2025 INFO: New client connected
Mon Dec  8 20:21:27 2025 INFO: User not found: 
Mon Dec  8 20:21:27 2025 ERROR: Authentication failed for client
Mon Dec  8 22:32:48 2025 INFO: New client connected
Mon Dec  8 22:32:53 2025 ERROR: Failed to receive login
Mon Dec  8 22:32:53 2025 ERROR: Authentication failed for client
Mon Dec  8 22:33:29 2025 INFO: New client connected
Mon Dec  8 22:33:35 2025 ERROR: Failed to receive hash
Mon Dec  8 22:33:35 2025 ERROR: Authentication failed for client
Mon Dec  8 22:33:38 2025 INFO: New client connected
Mon Dec  8 22:34:01 2025 INFO: Authentication successful for user: alice
Mon Dec  8 22:34:04 2025 ERROR: Too many vectors: 170986033
Mon Dec  8 22:34:04 2025 ERROR: Data processing failed for client
Mon Dec  8 22:37:54 2025 INFO: New client connected
Mon Dec  8 22:37:54 2025 INFO: Authentication successful for user: user
Mon Dec  8 22:37:54 2025 INFO: Connection closed for user: user
Mon Dec  8 22:37:55 2025 INFO: New client connected
Mon Dec  8 22:37:55 2025 INFO: Authentication successful for user: user
Mon Dec  8 22:37:55 2025 INFO: Connection closed for user: user
Mon Dec  8 22:37:55 2025 INFO: New client connected
Mon Dec  8 22:37:55 2025 INFO: Authentication successful for user: user
Mon Dec  8 22:37:55 2025 INFO: Connection closed for user: user
Mon Dec  8 22:37:56 2025 INFO: New client connected
Mon Dec  8 22:37:56 2025 INFO: Authentication successful for user: user
Mon Dec  8 22:37:56 2025 INFO: Connection closed for user: user
Mon Dec  8 22:37:57 2025 INFO: New client connected
Mon Dec  8 22:37:57 2025 INFO: Authentication successful for user: user
Mon Dec  8 22:37:57 2025 INFO: Connection closed for user: user
Mon Dec  8 22:37:57 2025 INFO: New client connected
Mon Dec  8 22:37:57 2025 INFO: Authentication successful for user: user
Mon Dec  8 22:37:58 2025 INFO: Connection closed for user: user
Mon Dec  8 22:37:58 2025 INFO: New client connected
Mon Dec  8 22:37:58 2025 INFO: Authentication successful for user: user
Mon Dec  8 22:37:58 2025 INFO: Connection closed for user: user
Mon Dec  8 22:37:59 2025 INFO: New client connected
Mon Dec  8 22:37:59 2025 INFO: Authentication successful for user: user
Mon Dec  8 22:37:59 2025 INFO: Connection closed for user: user
Mon Dec  8 22:37:59 2025 INFO: New client connected
Mon Dec  8 22:37:59 2025 INFO: Authentication successful for user: user
Mon Dec  8 22:37:59 2025 INFO: Connection closed for user: user
Mon Dec  8 22:38:00 2025 INFO: New client connected
Mon Dec  8 22:38:00 2025 INFO: Authentication successful for user: user
Mon Dec  8 22:38:00 2025 INFO: Connection closed for user: user
Mon Dec  8 22:38:00 2025 INFO: New client connected
Mon Dec  8 22:38:00 2025 INFO: Authentication successful for user: user
Mon Dec  8 22:38:00 2025 INFO: Connection closed for user: user
Mon Dec  8 22:38:00 2025 INFO: New client connected
Mon Dec  8 22:38:00 2025 INFO: Authentication successful for user: user
Mon Dec  8 22:38:00 2025 INFO: Connection closed for user: user
Mon Dec  8 22:38:01 2025 INFO: New client connected
Mon Dec  8 22:38:01 2025 INFO: Authentication successful for user: user
Mon Dec  8 22:38:01 2025 INFO: Connection closed for user: user
Mon Dec  8 22:38:02 2025 INFO: New client connected
Mon Dec  8 22:38:02 2025 INFO: Authentication successful for user: user
Mon Dec  8 22:38:02 2025 INFO: Connection closed for user: user
Mon Dec  8 22:38:02 2025 INFO: New client connected
Mon Dec  8 22:38:02 2025 INFO: Authentication successful for user: user
Mon Dec  8 22:38:02 2025 INFO: Connection closed for user: user
Mon Dec  8 22:38:04 2025 INFO: New client connected
Mon Dec  8 22:38:04 2025 INFO: Authentication successful for user: user
Mon Dec  8 22:38:04 2025 INFO: Connection closed for user: user
Mon Dec  8 22:38:05 2025 INFO: New client connected
Mon Dec  8 22:38:05 2025 INFO: Authentication successful for user: user
Mon Dec  8 22:38:05 2025 INFO: Connection closed for user: user
Mon Dec  8 22:38:05 2025 INFO: New client connected
Mon Dec  8 22:38:05 2025 INFO: Authentication successful for user: user
Mon Dec  8 22:38:06 2025 INFO: Connection closed for user: user
Mon Dec  8 22:38:06 2025 INFO: New client connected
Mon Dec  8 22:38:06 2025 INFO: Authentication successful for user: user
Mon Dec  8 22:38:07 2025 INFO: Connection closed for user: user
Mon Dec  8 22:38:07 2025 INFO: New client connected
Mon Dec  8 22:38:07 2025 INFO: Authentication successful for user: user
Mon Dec  8 22:38:07 2025 INFO: Connection closed for user: user
Mon Dec  8 22:38:08 2025 INFO: New client connected
Mon Dec  8 22:38:08 2025 INFO: Authentication successful for user: user
Mon Dec  8 22:38:08 2025 INFO: Connection closed for user: user
Mon Dec  8 22:38:10 2025 INFO: New client connected
Mon Dec  8 22:38:10 2025 INFO: Authentication successful for user: user
Mon Dec  8 22:38:10 2025 INFO: Connection closed for user: user
Mon Dec  8 22:38:11 2025 INFO: New client connected
Mon Dec  8 22:38:11 2025 INFO: Authentication successful for user: user
Mon Dec  8 22:38:11 2025 INFO: Connection closed for user: user
Mon Dec  8 22:38:12 2025 INFO: New client connected
Mon Dec  8 22:38:12 2025 INFO: Authentication successful for user: user
Mon Dec  8 22:38:13 2025 INFO: Connection closed for user: user
Mon Dec  8 22:38:13 2025 INFO: New client connected
Mon Dec  8 22:38:13 2025 INFO: Authentication successful for user: user
Mon Dec  8 22:38:13 2025 INFO: Connection closed for user: user
Mon Dec  8 22:38:14 2025 INFO: New client connected
Mon Dec  8 22:38:14 2025 INFO: Authentication successful for user: user
Mon Dec  8 22:38:14 2025 INFO: Connection closed for user: user
Mon Dec  8 22:38:15 2025 INFO: New client connected
Mon Dec  8 22:38:15 2025 INFO: Authentication successful for user: user
Mon Dec  8 22:38:15 2025 INFO: Connection closed for user: user
Mon Dec  8 22:38:15 2025 INFO: New client connected
Mon Dec  8 22:38:15 2025 INFO: Authentication successful for user: user
Mon Dec  8 22:38:16 2025 INFO: Connection closed for user: user
Mon Dec  8 22:38:16 2025 INFO: New client connected
Mon Dec  8 22:38:16 2025 INFO: Authentication successful for user: user
Mon Dec  8 22:38:16 2025 INFO: Connection closed for user: user
Mon Dec  8 22:38:17 2025 INFO: New client connected
Mon Dec  8 22:38:17 2025 INFO: Authentication successful for user: user
Mon Dec  8 22:38:17 2025 INFO: Connection closed for user: user
Mon Dec  8 22:38:17 2025 INFO: New client connected
Mon Dec  8 22:38:17 2025 INFO: Authentication successful for user: user
Mon Dec  8 22:38:17 2025 INFO: Connection closed for user: user
Mon Dec  8 22:38:18 2025 INFO: New client connected
Mon Dec  8 22:38:18 2025 INFO: Authentication successful for user: user
Mon Dec  8 22:38:18 2025 INFO: Connection closed for user: user
Mon Dec  8 22:38:18 2025 INFO: New client connected
Mon Dec  8 22:38:18 2025 INFO: Authentication successful for user: user
Mon Dec  8 22:38:18 2025 INFO: Connection closed for user: user
Mon Dec  8 22:38:19 2025 INFO: New client connected
Mon Dec  8 22:38:19 2025 INFO: Authentication successful for user: user
Mon Dec  8 22:38:19 2025 INFO: Connection closed for user: user
